[18:35:56] [Server thread/INFO]: Starting minecraft server version 1.12.2
[18:35:56] [Server thread/INFO]: Loading properties
[18:35:56] [Server thread/INFO]: Default game type: SURVIVAL
[18:35:56] [Server thread/INFO]: Generating keypair
[18:35:56] [Server thread/INFO]: Starting Minecraft server on 25.12.235.8:25565
[18:35:56] [Server thread/INFO]: Using default channel type
[18:35:56] [Server thread/WARN]: **** SERVER IS RUNNING IN OFFLINE/INSECURE MODE!
[18:35:56] [Server thread/WARN]: The server will make no attempt to authenticate usernames. Beware.
[18:35:56] [Server thread/WARN]: While this makes the game possible to play without internet access, it also opens up the ability for hackers to connect with any username they choose.
[18:35:56] [Server thread/WARN]: To change this, set "online-mode" to "true" in the server.properties file.
[18:35:56] [Server thread/INFO]: Preparing level "TheFreakingServer"
[18:35:56] [Server thread/INFO]: Loaded 488 advancements
[18:35:57] [Server thread/INFO]: Preparing start region for level 0
[18:35:58] [Server thread/INFO]: Preparing spawn area: 11%
[18:35:59] [Server thread/INFO]: Preparing spawn area: 21%
[18:36:00] [Server thread/INFO]: Preparing spawn area: 33%
[18:36:01] [Server thread/INFO]: Preparing spawn area: 48%
[18:36:02] [Server thread/INFO]: Preparing spawn area: 65%
[18:36:03] [Server thread/INFO]: Preparing spawn area: 84%
[18:36:04] [Server thread/INFO]: Done (7,626s)! For help, type "help" or "?"
[18:36:04] [Server thread/INFO]: Unknown command. Try /help for a list of commands
[18:36:18] [Server thread/INFO]: B1n1_[/25.12.235.8:60553] logged in with entity id 1968 at (-138.5, 64.0, 230.5)
[18:36:18] [Server thread/INFO]: B1n1_ joined the game
[18:36:38] [Server thread/INFO]: [B1n1_: Set own game mode to Creative Mode]
[18:36:45] [Server thread/INFO]: [B1n1_: Set own game mode to Survival Mode]
[18:37:11] [Server thread/INFO]: Stopping the server
[18:37:11] [Server thread/INFO]: Stopping server
[18:37:11] [Server thread/INFO]: Saving players
[18:37:11] [Server thread/INFO]: Saving worlds
[18:37:11] [Server thread/INFO]: Saving chunks for level 'TheFreakingServer'/overworld
[18:37:11] [Server thread/INFO]: Saving chunks for level 'TheFreakingServer'/the_nether
[18:37:11] [Server thread/INFO]: Saving chunks for level 'TheFreakingServer'/the_end
[18:37:12] [Server Shutdown Thread/INFO]: Stopping server
[18:37:12] [Server Shutdown Thread/INFO]: Saving players
